[19:01:29] [ServerMain/INFO]: Environment: authHost='https://authserver.mojang.com', accountsHost='https://api.mojang.com', sessionHost='https://sessionserver.mojang.com', servicesHost='https://api.minecraftservices.com', name='PROD'
[19:01:32] [ServerMain/INFO]: Loaded 7 recipes
[19:01:32] [Server thread/INFO]: Starting minecraft server version 1.20.1
[19:01:32] [Server thread/INFO]: Loading properties
[19:01:33] [Server thread/INFO]: This server is running Paper version git-Paper-19 (MC: 1.20.1) (Implementing API version 1.20.1-R0.1-SNAPSHOT) (Git: 837cc25)
[19:01:33] [Server thread/INFO]: Server Ping Player Sample Count: 12
[19:01:33] [Server thread/INFO]: Using 4 threads for Netty based IO
[19:01:33] [Server thread/WARN]: [!] The timings profiler has been enabled but has been scheduled for removal from Paper in the future.
    We recommend installing the spark profiler as a replacement: https://spark.lucko.me/
    For more information please visit: https://github.com/PaperMC/Paper/issues/8948
[19:01:33] [Server thread/INFO]: [ChunkTaskScheduler] Chunk system is using 1 I/O threads, 2 worker threads, and gen parallelism of 2 threads
[19:01:33] [Server thread/INFO]: Default game type: SURVIVAL
[19:01:33] [Server thread/INFO]: Generating keypair
[19:01:33] [Server thread/INFO]: Starting Minecraft server on *:25565
[19:01:34] [Server thread/INFO]: Using epoll channel type
[19:01:34] [Server thread/INFO]: Paper: Using libdeflate (Linux x86_64) compression from Velocity.
[19:01:34] [Server thread/INFO]: Paper: Using OpenSSL 1.1.x (Linux x86_64) cipher from Velocity.
[19:01:34] [Server thread/WARN]: [org.bukkit.craftbukkit.v1_20_R1.legacy.CraftLegacy] Initializing Legacy Material Support. Unless you have legacy plugins and/or data this is a bug!
[19:01:38] [Server thread/WARN]: Legacy plugin LoginSecurity v3.1.1 does not specify an api-version.
[19:01:38] [Server thread/INFO]: [MOTD] Loading server plugin MOTD v2.3.9
[19:01:38] [Server thread/INFO]: [SkinsRestorer] Loading server plugin SkinsRestorer v14.2.12
[19:01:38] [Server thread/INFO]: [LoginSecurity] Loading server plugin LoginSecurity v3.1.1
[19:01:38] [Server thread/INFO]: [GSit] Loading server plugin GSit v1.4.5
[19:01:39] [Server thread/INFO]: Server permissions file permissions.yml is empty, ignoring it
[19:01:39] [Server thread/INFO]: [MOTD] Enabling MOTD v2.3.9
[19:01:39] [Server thread/WARN]: **** SERVER IS RUNNING IN OFFLINE/INSECURE MODE!
[19:01:39] [Server thread/WARN]: The server will make no attempt to authenticate usernames. Beware.
[19:01:39] [Server thread/WARN]: While this makes the game possible to play without internet access, it also opens up the ability for hackers to connect with any username they choose.
[19:01:39] [Server thread/WARN]: To change this, set "online-mode" to "true" in the server.properties file.
[19:01:39] [Server thread/INFO]: Preparing level "world"
[19:01:40] [Server thread/INFO]: Preparing start region for dimension minecraft:overworld
[19:01:40] [Server thread/INFO]: Time elapsed: 330 ms
[19:01:40] [Server thread/INFO]: Preparing start region for dimension minecraft:the_nether
[19:01:40] [Server thread/INFO]: Time elapsed: 113 ms
[19:01:40] [Server thread/INFO]: Preparing start region for dimension minecraft:the_end
[19:01:40] [Server thread/INFO]: Time elapsed: 72 ms
[19:01:40] [Server thread/INFO]: [SkinsRestorer] Enabling SkinsRestorer v14.2.12
[19:01:41] [Server thread/INFO]: [SkinsRestorer] Detected Minecraft v1_20_R1, using MappingSpigotSkinRefresher.
[19:01:42] [Server thread/INFO]: [SkinsRestorer] [ACF] Enabled Asynchronous Tab Completion Support!
[19:01:42] [Server thread/INFO]: [SkinsRestorer] Using paper join listener!
[19:01:42] [Server thread/INFO]: [LoginSecurity] Enabling LoginSecurity v3.1.1*
[19:01:43] [Server thread/INFO]: [LoginSecurity] Loading base translations from "en_us"
[19:01:43] [Server thread/INFO]: [LoginSecurity] Loading specified translations from "en_us"
[19:01:43] [Server thread/INFO]: [LoginSecurity] Registering commands...
[19:01:43] [Server thread/INFO]: [LoginSecurity] Registering listeners...
[19:01:43] [Server thread/INFO]: [LoginSecurity] Using 1.12+ map captcha renderer
[19:01:43] [Server thread/INFO]: [GSit] Enabling GSit v1.4.5
[19:01:43] [Server thread/INFO]: [GSit] The plugin was successfully enabled.
[19:01:45] [Server thread/INFO]: Starting remote control listener
[19:01:45] [Server thread/INFO]: Thread RCON Listener started
[19:01:45] [Server thread/INFO]: RCON running on 0.0.0.0:25575
[19:01:45] [Server thread/INFO]: Running delayed init tasks
[19:01:45] [Server thread/INFO]: Done (12.225s)! For help, type "help"
[19:01:45] [Server thread/INFO]: Timings Reset
[19:01:45] [Craft Scheduler Thread - 3 - SkinsRestorer/INFO]: [SkinsRestorer] ----------------------------------------------
[19:01:45] [Craft Scheduler Thread - 3 - SkinsRestorer/INFO]: [SkinsRestorer]     +==================+
[19:01:45] [Craft Scheduler Thread - 3 - SkinsRestorer/INFO]: [SkinsRestorer]     |   SkinsRestorer  |
[19:01:45] [Craft Scheduler Thread - 3 - SkinsRestorer/INFO]: [SkinsRestorer]     |------------------|
[19:01:45] [Craft Scheduler Thread - 3 - SkinsRestorer/INFO]: [SkinsRestorer]     |  Standalone Mode |
[19:01:45] [Craft Scheduler Thread - 3 - SkinsRestorer/INFO]: [SkinsRestorer]     +==================+
[19:01:45] [Craft Scheduler Thread - 3 - SkinsRestorer/INFO]: [SkinsRestorer] ----------------------------------------------
[19:01:45] [Craft Scheduler Thread - 3 - SkinsRestorer/INFO]: [SkinsRestorer]     Current version: 14.2.12
[19:01:45] [Craft Scheduler Thread - 3 - SkinsRestorer/INFO]: [SkinsRestorer]     This is the latest version!
[19:01:45] [Craft Scheduler Thread - 3 - SkinsRestorer/INFO]: [SkinsRestorer] ----------------------------------------------
[19:02:41] [User Authenticator #0/INFO]: UUID of player Qkris is b1a67135-459c-3cdd-b99d-f324e6e60c92
[19:02:45] [Server thread/INFO]: Qkris joined the game
[19:02:45] [Server thread/INFO]: Qkris[/172.18.0.1:49606] logged in with entity id 222 at ([world]-31.5, 111.0, 72.5)
[19:04:32] [RCON Listener #1/INFO]: Thread RCON Client /127.0.0.1 started
[19:05:06] [Server thread/INFO]: [Rcon: Made Qkris a server operator]
[19:05:13] [Server thread/INFO]: Qkris issued server command: /gamemode creative
[19:05:13] [Server thread/INFO]: [Qkris: Set own game mode to Creative Mode]
[19:05:21] [Server thread/INFO]: Qkris lost connection: Disconnected
[19:05:21] [Server thread/INFO]: Qkris left the game
[19:05:31] [User Authenticator #1/INFO]: UUID of player Qkris is b1a67135-459c-3cdd-b99d-f324e6e60c92
[19:05:31] [Server thread/INFO]: Qkris joined the game
[19:05:31] [Server thread/INFO]: Qkris[/172.18.0.1:56240] logged in with entity id 541 at ([world]-93.50958310345939, 132.29833274316024, 78.4092446936626)
[19:06:32] [Server thread/INFO]: Qkris has reached the goal [Sky's the Limit]
[19:07:58] [Server thread/WARN]: Can't keep up! Is the server overloaded? Running 5004ms or 100 ticks behind
[19:08:41] [Server thread/INFO]: Qkris lost connection: Disconnected
[19:08:52] [Paper Watchdog Thread/ERROR]: --- DO NOT REPORT THIS TO PAPER - THIS IS NOT A BUG OR A CRASH  - git-Paper-19 (MC: 1.20.1) ---
[19:08:54] [Server thread/INFO]: Qkris left the game
[19:08:57] [Paper Watchdog Thread/ERROR]: The server has not responded for 10 seconds! Creating thread dump
[19:08:57] [Paper Watchdog Thread/ERROR]: ------------------------------
[19:08:57] [Paper Watchdog Thread/ERROR]: Server thread dump (Look for plugins here before reporting to Paper!):
[19:09:00] [Paper Watchdog Thread/ERROR]: Ticking entity: minecraft:chest_minecart, entity class: net.minecraft.world.entity.vehicle.EntityMinecartChest
[19:09:00] [Paper Watchdog Thread/ERROR]: Entity status: removed: false, valid: true, alive: true, is passenger: false
[19:09:38] [Paper Watchdog Thread/ERROR]: Entity UUID: 6e952e75-deef-43f6-bb54-17a8664f01bc
[19:10:29] [Paper Watchdog Thread/ERROR]: Position: world: 'world' at location (-58.5, 41.0625, -17.5)
[19:10:29] [Paper Watchdog Thread/ERROR]: Velocity: (0.0, -0.0, 0.0) (in blocks per tick)
[19:10:29] [Paper Watchdog Thread/ERROR]: Entity AABB: AABB[-58.99000000953674, 41.0625, -17.990000009536743] -> [-58.00999999046326, 41.76249998807907, -17.009999990463257]
